<?xml version="1.0" encoding="UTF-8"?>
<testng-results skipped="0" failed="0" ignored="0" total="1" passed="1">
  <reporter-output>
  </reporter-output>
  <suite name="Default suite" duration-ms="19568" started-at="2019-07-23T06:50:47Z" finished-at="2019-07-23T06:51:06Z">
    <groups>
    </groups>
    <test name="Default test" duration-ms="19568" started-at="2019-07-23T06:50:47Z" finished-at="2019-07-23T06:51:06Z">
      <class name="packageObjectModel_1.pageFactoryImplementation1">
        <test-method status="PASS" signature="f()[pri:0, instance:packageObjectModel_1.pageFactoryImplementation1@14acaea5]" name="f" duration-ms="19516" started-at="2019-07-23T06:50:47Z" finished-at="2019-07-23T06:51:06Z">
          <reporter-output>
          </reporter-output>
        </test-method> <!-- f -->
      </class> <!-- packageObjectModel_1.pageFactoryImplementation1 -->
    </test> <!-- Default test -->
  </suite> <!-- Default suite -->
</testng-results>
